0 silly input [ 'publish' ]
1 silly flags { _: [ 'publish' ],
1 silly flags   'reject-cycles': false,
1 silly flags   rejectCycles: false,
1 silly flags   yes: true,
1 silly flags   'repo-version': '3.0.0-beta.21',
1 silly flags   repoVersion: '3.0.0-beta.21',
1 silly flags   'npm-tag': 'next',
1 silly flags   npmTag: 'next' }
2 verbose rootPath /Users/rmcguinness/Workspaces/os/availity-uikit
3 info version 2.9.0
4 silly isInitialized
5 silly isInitialized true
6 silly existsSync /Users/rmcguinness/Workspaces/os/availity-uikit/VERSION
7 silly initialize attempt
8 info current version 3.0.0-beta.20
9 silly isDetachedHead
10 silly getCurrentBranch
11 verbose getCurrentBranch feature/v3
12 verbose isDetachedHead false
13 silly getCurrentBranch
14 verbose getCurrentBranch feature/v3
15 silly getUpdates
16 info Checking for updated packages...
17 silly hasTags
18 verbose hasTags true
19 silly getLastTag
20 verbose getLastTag v3.0.0-beta.20
21 info Comparing with v3.0.0-beta.20.
22 silly diffSinceIn v3.0.0-beta.20 packages/docs
23 silly diff packages/docs/src/pages/icons.js
24 silly diffSinceIn v3.0.0-beta.20 packages/uikit
25 silly diff packages/uikit/fonts/availity-icon-font.eot
25 silly diff packages/uikit/fonts/availity-icon-font.svg
25 silly diff packages/uikit/fonts/availity-icon-font.ttf
25 silly diff packages/uikit/fonts/availity-icon-font.woff
25 silly diff packages/uikit/fonts/availity-icon-font.woff2
25 silly diff packages/uikit/fonts/config.json
25 silly diff packages/uikit/scss/_icon-fonts.scss
26 verbose updated @availity/availity-uikit-docs
27 verbose updated availity-uikit
28 info Checking for prereleased packages...
29 verbose prereleased @availity/availity-uikit-docs
30 verbose prereleased availity-uikit
31 silly collectDependents
32 silly isPackageDependentOf @availity/availity-uikit-docs @availity/availity-uikit-docs
33 silly isPackageDependentOf availity-uikit @availity/availity-uikit-docs
34 silly isPackageDependentOf @availity/availity-uikit-docs availity-uikit
35 verbose dependent @availity/availity-uikit-docs depends on availity-uikit
36 silly isPackageDependentOf availity-uikit @availity/availity-uikit-docs
37 silly isPackageDependentOf availity-uikit availity-uikit
38 silly collectUpdates
39 verbose has filtered update @availity/availity-uikit-docs
40 verbose has filtered update availity-uikit
41 info auto-confirmed
42 silly initialize success
43 silly execute attempt
44 silly addFile /Users/rmcguinness/Workspaces/os/availity-uikit/lerna.json
45 silly runScriptSync preversion @availity/uikit-monorepo
46 silly runScriptSync preversion @availity/availity-uikit-docs
47 silly runScriptSync version @availity/availity-uikit-docs
48 silly runScriptSync preversion availity-uikit
49 silly runScriptSync version availity-uikit
50 silly runScriptSync version @availity/uikit-monorepo
51 silly addFile /Users/rmcguinness/Workspaces/os/availity-uikit/packages/docs/package.json
52 silly addFile /Users/rmcguinness/Workspaces/os/availity-uikit/packages/uikit/package.json
53 silly commit v3.0.0-beta.21
54 verbose commit [ 'commit', '--no-verify', '-m', 'v3.0.0-beta.21' ]
55 silly addTag v3.0.0-beta.21
56 silly runScriptSync postversion @availity/availity-uikit-docs
57 silly runScriptSync postversion availity-uikit
58 silly runScriptSync postversion @availity/uikit-monorepo
59 info publish Publishing packages to npm...
60 silly existsSync /Users/rmcguinness/Workspaces/os/availity-uikit/packages/docs/scripts/prepublish.js
61 verbose execScript No prepublish script found at /Users/rmcguinness/Workspaces/os/availity-uikit/packages/docs/scripts/prepublish.js
62 silly existsSync /Users/rmcguinness/Workspaces/os/availity-uikit/packages/uikit/scripts/prepublish.js
63 verbose execScript No prepublish script found at /Users/rmcguinness/Workspaces/os/availity-uikit/packages/uikit/scripts/prepublish.js
64 verbose publishing availity-uikit
65 silly publishTaggedInDir next uikit
66 silly getExecOpts { cwd: '/Users/rmcguinness/Workspaces/os/availity-uikit/packages/uikit' }
67 error publish Retrying failed publish: availity-uikit
68 verbose publish error undefined
69 verbose publishing availity-uikit
70 silly publishTaggedInDir next uikit
71 silly getExecOpts { cwd: '/Users/rmcguinness/Workspaces/os/availity-uikit/packages/uikit' }
72 error publish Retrying failed publish: availity-uikit
73 verbose publish error undefined
74 verbose publishing availity-uikit
75 silly publishTaggedInDir next uikit
76 silly getExecOpts { cwd: '/Users/rmcguinness/Workspaces/os/availity-uikit/packages/uikit' }
77 error publish Retrying failed publish: availity-uikit
78 verbose publish error undefined
79 verbose publishing availity-uikit
80 silly publishTaggedInDir next uikit
81 silly getExecOpts { cwd: '/Users/rmcguinness/Workspaces/os/availity-uikit/packages/uikit' }
82 error publish Retrying failed publish: availity-uikit
83 verbose publish error undefined
84 verbose publishing availity-uikit
85 silly publishTaggedInDir next uikit
86 silly getExecOpts { cwd: '/Users/rmcguinness/Workspaces/os/availity-uikit/packages/uikit' }
87 error publish Ran out of retries while publishing availity-uikit Error: Command failed: npm publish --tag next
87 error publish npm notice
87 error publish npm notice 📦  availity-uikit@3.0.0-beta.21
87 error publish npm notice === Tarball Contents ===
87 error publish npm notice 1.6kB  package.json
87 error publish npm notice 37B    index.js
87 error publish npm notice 123B   README.md
87 error publish npm notice 63.5kB fonts/availity-icon-font.eot
87 error publish npm notice 84.6kB fonts/availity-icon-font.svg
87 error publish npm notice 63.3kB fonts/availity-icon-font.ttf
87 error publish npm notice 35.4kB fonts/availity-icon-font.woff
87 error publish npm notice 29.3kB fonts/availity-icon-font.woff2
87 error publish npm notice 27.6kB fonts/config.json
87 error publish npm notice 4.8kB  images/logo-availity.svg
87 error publish npm notice 178B   scss/_alert.scss
87 error publish npm notice 583B   scss/_animate.scss
87 error publish npm notice 3.3kB  scss/_app-icons.scss
87 error publish npm notice 304B   scss/_blockquote.scss
87 error publish npm notice 819B   scss/_bootstrap.scss
87 error publish npm notice 597B   scss/_breadcrumbs.scss
87 error publish npm notice 39B    scss/_button-groups.scss
87 error publish npm notice 2.0kB  scss/_buttons.scss
87 error publish npm notice 1.9kB  scss/_cards.scss
87 error publish npm notice 6.2kB  scss/_datepicker.scss
87 error publish npm notice 1.2kB  scss/_dropdowns.scss
87 error publish npm notice 860B   scss/_footer.scss
87 error publish npm notice 2.3kB  scss/_forms.scss
87 error publish npm notice 296B   scss/_functions.scss
87 error publish npm notice 144B   scss/_grid.scss
87 error publish npm notice 186B   scss/_help.scss
87 error publish npm notice 15.1kB scss/_icon-fonts.scss
87 error publish npm notice 763B   scss/_labels.scss
87 error publish npm notice 908B   scss/_layouts.scss
87 error publish npm notice 1.6kB  scss/_list-group.scss
87 error publish npm notice 1.4kB  scss/_loading.scss
87 error publish npm notice 144B   scss/_media.scss
87 error publish npm notice 1.5kB  scss/_mega-menu.scss
87 error publish npm notice 292B   scss/_mixins.scss
87 error publish npm notice 411B   scss/_modal.scss
87 error publish npm notice 4.1kB  scss/_navbar.scss
87 error publish npm notice 2.1kB  scss/_navs.scss
87 error publish npm notice 921B   scss/_pagination.scss
87 error publish npm notice 265B   scss/_popovers.scss
87 error publish npm notice 887B   scss/_progress-bars.scss
87 error publish npm notice 763B   scss/_reboot.scss
87 error publish npm notice 1.1kB  scss/_spaces.scss
87 error publish npm notice 585B   scss/_tables.scss
87 error publish npm notice 54B    scss/_tooltip.scss
87 error publish npm notice 2.2kB  scss/_type.scss
87 error publish npm notice 28.4kB scss/_variables.scss
87 error publish npm notice 1.8kB  scss/_wizard.scss
87 error publish npm notice 21B    scss/availity-uikit.scss
87 error publish npm notice 198B   scss/mixins/_badges.scss
87 error publish npm notice 234B   scss/mixins/_bs3-compatibility.scss
87 error publish npm notice 498B   scss/mixins/_forms.scss
87 error publish npm notice 1.9kB  scss/mixins/_gradients.scss
87 error publish npm notice 608B   scss/mixins/_icons.scss
87 error publish npm notice 219B   scss/mixins/_list-group.scss
87 error publish npm notice 651B   scss/mixins/_navs.scss
87 error publish npm notice 794B   scss/mixins/_type.scss
87 error publish npm notice === Tarball Details ===
87 error publish npm notice name:          availity-uikit
87 error publish npm notice version:       3.0.0-beta.21
87 error publish npm notice package size:  197.0 kB
87 error publish npm notice unpacked size: 401.4 kB
87 error publish npm notice shasum:        3b62c578b1edbf102fdbd1f692e90ceb953bb7de
87 error publish npm notice integrity:     sha512-UX+mHdJ5wtzYA[...]pQWHQ9oI4DvYw==
87 error publish npm notice total files:   56
87 error publish npm notice
87 error publish npm ERR! publish Failed PUT 403
87 error publish npm ERR! code E403
87 error publish npm ERR! You do not have permission to publish "availity-uikit". Are you logged in as the correct user? : availity-uikit
87 error publish
87 error publish npm ERR! A complete log of this run can be found in:
87 error publish npm ERR!     /Users/rmcguinness/.npm/_logs/2018-05-30T03_52_16_402Z-debug.log
87 error publish
87 error publish     at Promise.all.then.arr (/Users/rmcguinness/Workspaces/os/availity-uikit/node_modules/execa/index.js:236:11)
87 error publish     at <anonymous>
87 error publish     at process._tickCallback (internal/process/next_tick.js:188:7)
88 error execute callback with error
89 error Error: Command failed: npm publish --tag next
89 error npm notice
89 error npm notice 📦  availity-uikit@3.0.0-beta.21
89 error npm notice === Tarball Contents ===
89 error npm notice 1.6kB  package.json
89 error npm notice 37B    index.js
89 error npm notice 123B   README.md
89 error npm notice 63.5kB fonts/availity-icon-font.eot
89 error npm notice 84.6kB fonts/availity-icon-font.svg
89 error npm notice 63.3kB fonts/availity-icon-font.ttf
89 error npm notice 35.4kB fonts/availity-icon-font.woff
89 error npm notice 29.3kB fonts/availity-icon-font.woff2
89 error npm notice 27.6kB fonts/config.json
89 error npm notice 4.8kB  images/logo-availity.svg
89 error npm notice 178B   scss/_alert.scss
89 error npm notice 583B   scss/_animate.scss
89 error npm notice 3.3kB  scss/_app-icons.scss
89 error npm notice 304B   scss/_blockquote.scss
89 error npm notice 819B   scss/_bootstrap.scss
89 error npm notice 597B   scss/_breadcrumbs.scss
89 error npm notice 39B    scss/_button-groups.scss
89 error npm notice 2.0kB  scss/_buttons.scss
89 error npm notice 1.9kB  scss/_cards.scss
89 error npm notice 6.2kB  scss/_datepicker.scss
89 error npm notice 1.2kB  scss/_dropdowns.scss
89 error npm notice 860B   scss/_footer.scss
89 error npm notice 2.3kB  scss/_forms.scss
89 error npm notice 296B   scss/_functions.scss
89 error npm notice 144B   scss/_grid.scss
89 error npm notice 186B   scss/_help.scss
89 error npm notice 15.1kB scss/_icon-fonts.scss
89 error npm notice 763B   scss/_labels.scss
89 error npm notice 908B   scss/_layouts.scss
89 error npm notice 1.6kB  scss/_list-group.scss
89 error npm notice 1.4kB  scss/_loading.scss
89 error npm notice 144B   scss/_media.scss
89 error npm notice 1.5kB  scss/_mega-menu.scss
89 error npm notice 292B   scss/_mixins.scss
89 error npm notice 411B   scss/_modal.scss
89 error npm notice 4.1kB  scss/_navbar.scss
89 error npm notice 2.1kB  scss/_navs.scss
89 error npm notice 921B   scss/_pagination.scss
89 error npm notice 265B   scss/_popovers.scss
89 error npm notice 887B   scss/_progress-bars.scss
89 error npm notice 763B   scss/_reboot.scss
89 error npm notice 1.1kB  scss/_spaces.scss
89 error npm notice 585B   scss/_tables.scss
89 error npm notice 54B    scss/_tooltip.scss
89 error npm notice 2.2kB  scss/_type.scss
89 error npm notice 28.4kB scss/_variables.scss
89 error npm notice 1.8kB  scss/_wizard.scss
89 error npm notice 21B    scss/availity-uikit.scss
89 error npm notice 198B   scss/mixins/_badges.scss
89 error npm notice 234B   scss/mixins/_bs3-compatibility.scss
89 error npm notice 498B   scss/mixins/_forms.scss
89 error npm notice 1.9kB  scss/mixins/_gradients.scss
89 error npm notice 608B   scss/mixins/_icons.scss
89 error npm notice 219B   scss/mixins/_list-group.scss
89 error npm notice 651B   scss/mixins/_navs.scss
89 error npm notice 794B   scss/mixins/_type.scss
89 error npm notice === Tarball Details ===
89 error npm notice name:          availity-uikit
89 error npm notice version:       3.0.0-beta.21
89 error npm notice package size:  197.0 kB
89 error npm notice unpacked size: 401.4 kB
89 error npm notice shasum:        3b62c578b1edbf102fdbd1f692e90ceb953bb7de
89 error npm notice integrity:     sha512-UX+mHdJ5wtzYA[...]pQWHQ9oI4DvYw==
89 error npm notice total files:   56
89 error npm notice
89 error npm ERR! publish Failed PUT 403
89 error npm ERR! code E403
89 error npm ERR! You do not have permission to publish "availity-uikit". Are you logged in as the correct user? : availity-uikit
89 error
89 error npm ERR! A complete log of this run can be found in:
89 error npm ERR!     /Users/rmcguinness/.npm/_logs/2018-05-30T03_52_16_402Z-debug.log
89 error
89 error     at Promise.all.then.arr (/Users/rmcguinness/Workspaces/os/availity-uikit/node_modules/execa/index.js:236:11)
89 error     at <anonymous>
